<?xml version="1.0" encoding="UTF-8"?>
<!-- Generated by org.testng.reporters.JUnitReportReporter -->
<testsuite hostname="DESKTOP-KP988PU" failures="0" tests="3" name="parametrization.DataProviderWithExcelSheet" time="22.369" errors="0" timestamp="2024-07-04T18:37:16 IST" skipped="0">
  <testcase classname="parametrization.DataProviderWithExcelSheet" name="search" time="7.846"/>
  <testcase classname="parametrization.DataProviderWithExcelSheet" name="search" time="7.288"/>
  <testcase classname="parametrization.DataProviderWithExcelSheet" name="search" time="7.235"/>
</testsuite> <!-- parametrization.DataProviderWithExcelSheet -->
