<?xml version="1.0" encoding="UTF-8"?>
<!-- Generated by org.testng.reporters.JUnitReportReporter -->
<testsuite hostname="DESKTOP-KP988PU" failures="0" tests="4" name="assertion.SoftAssertExample" time="24.335" errors="0" timestamp="2024-07-04T19:16:42 IST" skipped="0">
  <testcase classname="assertion.SoftAssertExample" name="verifyHardAssertStatment" time="6.800"/>
  <testcase classname="assertion.SoftAssertExample" name="verifyHardAssertStatment_2" time="3.645"/>
  <testcase classname="assertion.SoftAssertExample" name="verifyHardAssertStatment_1" time="4.666"/>
  <testcase classname="assertion.SoftAssertExample" name="verifyHardAssertStatment_3" time="9.224"/>
</testsuite> <!-- assertion.SoftAssertExample -->
